<?xml version="1.0" encoding="UTF-8" standalone="no"?>
<!DOCTYPE log SYSTEM "logger.dtd">
<log>
<record>
  <date>2016-12-23T10:11:24</date>
  <millis>1482480684921</millis>
  <sequence>0</sequence>
  <logger>org.scify.memori.helper.MemoriLogger</logger>
  <level>CONFIG</level>
  <class>org.scify.memori.helper.MemoriLogger</class>
  <method>initLogger</method>
  <thread>14</thread>
  <message>Configuration done.</message>
</record>
<record>
  <date>2016-12-23T10:11:24</date>
  <millis>1482480684946</millis>
  <sequence>1</sequence>
  <logger>org.scify.memori.helper.MemoriLogger</logger>
  <level>FINE</level>
  <class>org.scify.memori.helper.MemoriLogger</class>
  <method>initLogger</method>
  <thread>14</thread>
  <message>Fine level logged</message>
</record>
<record>
  <date>2016-12-23T10:11:26</date>
  <millis>1482480686579</millis>
  <sequence>2</sequence>
  <logger>org.scify.memori.helper.MemoriLogger</logger>
  <level>SEVERE</level>
  <class>org.scify.memori.fx.FXAudioEngine</class>
  <method>playSound</method>
  <thread>14</thread>
  <message>error loading sound for: miscellaneous/welcome.mp3. Queried path was: /scify_pack/audios/1miscellaneous/welcome.mp3</message>
</record>
</log>
